<?xml version="1.0" encoding="UTF-8"?>
<!-- Generated by org.testng.reporters.JUnitXMLReporter -->
<testsuite ignored="4" hostname="Sairam-PC" failures="0" tests="2" name="GRP-regression" time="0.078" errors="0" timestamp="26 Aug 2018 03:35:35 GMT">
  <testcase classname="testNG.Sample" name="testC" time="0.031"/>
  <testcase classname="testNG.Sample" name="testA" time="0.0"/>
  <testcase classname="testNG.Sample" name="testD" time="0.0">
    <ignored/>
  </testcase> <!-- testD -->
  <testcase classname="testNG.Sample" name="testF" time="0.0">
    <ignored/>
  </testcase> <!-- testF -->
  <testcase classname="testNG.Sample" name="testE" time="0.0">
    <ignored/>
  </testcase> <!-- testE -->
  <testcase classname="testNG.Sample" name="testB" time="0.0">
    <ignored/>
  </testcase> <!-- testB -->
</testsuite> <!-- GRP-regression -->
